<?xml version="1.0" encoding="UTF-8"?>
<testsuite name="services.AgingReportServiceTest" tests="2" skipped="0" failures="0" errors="0" timestamp="2025-06-10T18:42:00.937Z" hostname="MSI" time="0.03">
  <properties/>
  <testcase name="testGetAgingReportByBranchReturnsList()" classname="services.AgingReportServiceTest" time="0.014"/>
  <testcase name="testGetAgingReportByBranchAndDateReturnsList()" classname="services.AgingReportServiceTest" time="0.016"/>
  <system-out><![CDATA[ Database connection established
 Database connection established
]]></system-out>
  <system-err><![CDATA[]]></system-err>
</testsuite>
