<?xml version="1.0" encoding="UTF-8"?>
<testsuite name="models.InstalmentTest" tests="2" skipped="0" failures="0" errors="0" timestamp="2025-06-10T18:42:00.931Z" hostname="MSI" time="0.003">
  <properties/>
  <testcase name="testIsNewRecord()" classname="models.InstalmentTest" time="0.002"/>
  <testcase name="testGetterSetter()" classname="models.InstalmentTest" time="0.0"/>
  <system-out><![CDATA[]]></system-out>
  <system-err><![CDATA[]]></system-err>
</testsuite>
