<?xml version="1.0" encoding="UTF-8"?>
<<<<<<< Updated upstream
<testsuite name="models.ContractTest" tests="2" skipped="0" failures="0" errors="0" timestamp="2025-06-10T18:42:00.929Z" hostname="MSI" time="0.001">
  <properties/>
  <testcase name="testGettersSetters()" classname="models.ContractTest" time="0.001"/>
=======
<testsuite name="models.ContractTest" tests="2" skipped="0" failures="0" errors="0" timestamp="2025-06-10T18:33:29.404Z" hostname="MSI" time="0.0">
  <properties/>
  <testcase name="testGettersSetters()" classname="models.ContractTest" time="0.0"/>
>>>>>>> Stashed changes
  <testcase name="testIsNewRecord()" classname="models.ContractTest" time="0.0"/>
  <system-out><![CDATA[]]></system-out>
  <system-err><![CDATA[]]></system-err>
</testsuite>
