<?xml version="1.0" encoding="UTF-8"?>
<<<<<<< Updated upstream
<testsuite name="models.BaseModelTest" tests="4" skipped="0" failures="0" errors="0" timestamp="2025-06-10T18:42:00.922Z" hostname="MSI" time="0.003">
  <properties/>
  <testcase name="testCreatedAtGetterSetter()" classname="models.BaseModelTest" time="0.001"/>
  <testcase name="testUpdatedAtGetterSetter()" classname="models.BaseModelTest" time="0.0"/>
  <testcase name="testIsNewRecord()" classname="models.BaseModelTest" time="0.001"/>
  <testcase name="testIdGetterSetter()" classname="models.BaseModelTest" time="0.0"/>
=======
<testsuite name="models.BaseModelTest" tests="4" skipped="0" failures="0" errors="0" timestamp="2025-06-10T18:33:29.397Z" hostname="MSI" time="0.003">
  <properties/>
  <testcase name="testCreatedAtGetterSetter()" classname="models.BaseModelTest" time="0.0"/>
  <testcase name="testUpdatedAtGetterSetter()" classname="models.BaseModelTest" time="0.0"/>
  <testcase name="testIsNewRecord()" classname="models.BaseModelTest" time="0.001"/>
  <testcase name="testIdGetterSetter()" classname="models.BaseModelTest" time="0.001"/>
>>>>>>> Stashed changes
  <system-out><![CDATA[]]></system-out>
  <system-err><![CDATA[]]></system-err>
</testsuite>
