<?xml version="1.0" encoding="UTF-8"?>
<testsuite name="models.CicilanTest" tests="1" skipped="0" failures="0" errors="0" timestamp="2025-06-10T18:42:00.926Z" hostname="MSI" time="0.002">
  <properties/>
  <testcase name="testGetters()" classname="models.CicilanTest" time="0.002"/>
  <system-out><![CDATA[]]></system-out>
  <system-err><![CDATA[]]></system-err>
</testsuite>
